<?xml version="1.0" encoding="UTF-8"?>
<!-- Generated by org.testng.reporters.JUnitXMLReporter -->
<testsuite ignored="6" hostname="Abhishek" failures="0" tests="2" name="Test" time="22.962" errors="0" timestamp="2025-03-15T13:26:28 IST">
  <testcase classname="com.test.bookingApp.TestCases" name="TestCase1" time="19.445"/>
  <testcase classname="com.test.bookingApp.TestCases" name="TestCase2" time="0.124"/>
  <testcase classname="com.RunConfig.browserManager" name="@BeforeTest browserLaunch" time="0.0">
    <ignored/>
  </testcase> <!-- @BeforeTest browserLaunch -->
  <testcase classname="com.RunConfig.setUpReports" name="@AfterSuite flushReport" time="0.0">
    <ignored/>
  </testcase> <!-- @AfterSuite flushReport -->
  <testcase classname="com.RunConfig.setUpReports" name="@BeforeSuite generateReport" time="0.0">
    <ignored/>
  </testcase> <!-- @BeforeSuite generateReport -->
  <testcase classname="com.RunConfig.setUpReports" name="@BeforeSuite generateReport" time="0.0">
    <ignored/>
  </testcase> <!-- @BeforeSuite generateReport -->
  <testcase classname="com.RunConfig.setUpReports" name="@AfterSuite flushReport" time="0.0">
    <ignored/>
  </testcase> <!-- @AfterSuite flushReport -->
  <testcase classname="com.RunConfig.browserManager" name="@AfterTest tearDown" time="0.0">
    <ignored/>
  </testcase> <!-- @AfterTest tearDown -->
</testsuite> <!-- Test -->
