<?xml version="1.0" encoding="UTF-8"?>
<testng-results ignored="0" total="1" passed="1" failed="0" skipped="0">
  <reporter-output>
  </reporter-output>
  <suite started-at="2025-03-15T14:35:02 IST" name="Suite" finished-at="2025-03-15T14:35:28 IST" duration-ms="26081">
    <groups>
    </groups>
    <test started-at="2025-03-15T14:35:02 IST" name="Test" finished-at="2025-03-15T14:35:28 IST" duration-ms="26081">
      <class name="com.RunConfig.browserManager">
        <test-method is-config="true" signature="browserLaunch(java.lang.String)[pri:0, instance:com.RunConfig.browserManager@6ae5aa72]" started-at="2025-03-15T14:35:02 IST" name="browserLaunch" finished-at="2025-03-15T14:35:05 IST" duration-ms="3319" status="PASS">
          <params>
            <param index="0">
              <value>
                <![CDATA[chrome]]>
              </value>
            </param>
          </params>
          <reporter-output>
          </reporter-output>
        </test-method> <!-- browserLaunch -->
        <test-method is-config="true" signature="tearDown()[pri:0, instance:com.RunConfig.browserManager@6ae5aa72]" started-at="2025-03-15T14:35:28 IST" name="tearDown" finished-at="2025-03-15T14:35:28 IST" duration-ms="0" status="PASS">
          <reporter-output>
          </reporter-output>
        </test-method> <!-- tearDown -->
      </class> <!-- com.RunConfig.browserManager -->
      <class name="com.RunConfig.setUpReports">
        <test-method is-config="true" signature="generateReport()[pri:0, instance:com.RunConfig.setUpReports@6d763516]" started-at="2025-03-15T14:35:01 IST" name="generateReport" finished-at="2025-03-15T14:35:02 IST" duration-ms="688" status="PASS">
          <reporter-output>
          </reporter-output>
        </test-method> <!-- generateReport -->
        <test-method is-config="true" signature="flushReport()[pri:0, instance:com.RunConfig.setUpReports@6d763516]" started-at="2025-03-15T14:35:28 IST" name="flushReport" finished-at="2025-03-15T14:35:31 IST" duration-ms="3072" status="PASS">
          <reporter-output>
          </reporter-output>
        </test-method> <!-- flushReport -->
      </class> <!-- com.RunConfig.setUpReports -->
      <class name="com.test.bookingApp.TestCases">
        <test-method signature="TestCase1()[pri:1, instance:com.test.bookingApp.TestCases@1189dd52]" started-at="2025-03-15T14:35:05 IST" name="TestCase1" finished-at="2025-03-15T14:35:28 IST" duration-ms="22716" status="PASS">
          <reporter-output>
          </reporter-output>
        </test-method> <!-- TestCase1 -->
      </class> <!-- com.test.bookingApp.TestCases -->
    </test> <!-- Test -->
  </suite> <!-- Suite -->
</testng-results>
