<?xml version="1.0" encoding="UTF-8"?>
<testng-results ignored="0" total="2" passed="2" failed="0" skipped="0">
  <reporter-output>
  </reporter-output>
  <suite started-at="2025-03-15T13:26:05 IST" name="Suite" finished-at="2025-03-15T13:26:28 IST" duration-ms="22962">
    <groups>
    </groups>
    <test started-at="2025-03-15T13:26:05 IST" name="Test" finished-at="2025-03-15T13:26:28 IST" duration-ms="22962">
      <class name="com.RunConfig.browserManager">
        <test-method is-config="true" signature="browserLaunch(java.lang.String)[pri:0, instance:com.RunConfig.browserManager@6ed3ccb2]" started-at="2025-03-15T13:26:05 IST" name="browserLaunch" finished-at="2025-03-15T13:26:08 IST" duration-ms="3309" status="PASS">
          <params>
            <param index="0">
              <value>
                <![CDATA[chrome]]>
              </value>
            </param>
          </params>
          <reporter-output>
          </reporter-output>
        </test-method> <!-- browserLaunch -->
        <test-method is-config="true" signature="tearDown()[pri:0, instance:com.RunConfig.browserManager@6ed3ccb2]" started-at="2025-03-15T13:26:28 IST" name="tearDown" finished-at="2025-03-15T13:26:28 IST" duration-ms="0" status="PASS">
          <reporter-output>
          </reporter-output>
        </test-method> <!-- tearDown -->
      </class> <!-- com.RunConfig.browserManager -->
      <class name="com.RunConfig.setUpReports">
        <test-method is-config="true" signature="generateReport()[pri:0, instance:com.RunConfig.setUpReports@3b0090a4]" started-at="2025-03-15T13:26:04 IST" name="generateReport" finished-at="2025-03-15T13:26:05 IST" duration-ms="378" status="PASS">
          <reporter-output>
          </reporter-output>
        </test-method> <!-- generateReport -->
        <test-method is-config="true" signature="flushReport()[pri:0, instance:com.RunConfig.setUpReports@3b0090a4]" started-at="2025-03-15T13:26:28 IST" name="flushReport" finished-at="2025-03-15T13:26:29 IST" duration-ms="1001" status="PASS">
          <reporter-output>
          </reporter-output>
        </test-method> <!-- flushReport -->
      </class> <!-- com.RunConfig.setUpReports -->
      <class name="com.test.bookingApp.TestCases">
        <test-method signature="TestCase1()[pri:1, instance:com.test.bookingApp.TestCases@40005471]" started-at="2025-03-15T13:26:08 IST" name="TestCase1" finished-at="2025-03-15T13:26:28 IST" duration-ms="19445" status="PASS">
          <reporter-output>
          </reporter-output>
        </test-method> <!-- TestCase1 -->
        <test-method signature="TestCase2()[pri:2, instance:com.test.bookingApp.TestCases@40005471]" started-at="2025-03-15T13:26:28 IST" name="TestCase2" finished-at="2025-03-15T13:26:28 IST" depends-on-methods="com.test.bookingApp.TestCases.TestCase1" duration-ms="124" status="PASS">
          <reporter-output>
          </reporter-output>
        </test-method> <!-- TestCase2 -->
      </class> <!-- com.test.bookingApp.TestCases -->
    </test> <!-- Test -->
  </suite> <!-- Suite -->
</testng-results>
